2022-09-25 17:40:32,039 DEBUG [main] InternalLoggerFactory:47 - Using Log4J as the default logging framework
2022-09-25 17:40:32,055 DEBUG [main] ResourceLeakDetector:129 - -Dio.netty.leakDetection.level: simple
2022-09-25 17:40:32,055 DEBUG [main] ResourceLeakDetector:130 - -Dio.netty.leakDetection.targetRecords: 4
2022-09-25 17:40:32,102 DEBUG [main] PlatformDependent:987 - Platform: Windows
2022-09-25 17:40:32,102 DEBUG [main] PlatformDependent0:396 - -Dio.netty.noUnsafe: false
2022-09-25 17:40:32,102 DEBUG [main] PlatformDependent0:852 - Java version: 8
2022-09-25 17:40:32,102 DEBUG [main] PlatformDependent0:121 - sun.misc.Unsafe.theUnsafe: available
2022-09-25 17:40:32,102 DEBUG [main] PlatformDependent0:145 - sun.misc.Unsafe.copyMemory: available
2022-09-25 17:40:32,102 DEBUG [main] PlatformDependent0:183 - java.nio.Buffer.address: available
2022-09-25 17:40:32,102 DEBUG [main] PlatformDependent0:244 - direct buffer constructor: available
2022-09-25 17:40:32,102 DEBUG [main] PlatformDependent0:314 - java.nio.Bits.unaligned: available, true
2022-09-25 17:40:32,102 DEBUG [main] PlatformDependent0:379 - jdk.internal.misc.Unsafe.allocateUninitializedArray(int): unavailable prior to Java9
2022-09-25 17:40:32,102 DEBUG [main] PlatformDependent0:386 - java.nio.DirectByteBuffer.<init>(long, int): available
2022-09-25 17:40:32,102 DEBUG [main] PlatformDependent:1030 - sun.misc.Unsafe: available
2022-09-25 17:40:32,102 DEBUG [main] PlatformDependent:1149 - -Dio.netty.tmpdir: C:\Users\Tirumal\AppData\Local\Temp (java.io.tmpdir)
2022-09-25 17:40:32,102 DEBUG [main] PlatformDependent:1228 - -Dio.netty.bitMode: 64 (sun.arch.data.model)
2022-09-25 17:40:32,117 DEBUG [main] PlatformDependent:174 - -Dio.netty.maxDirectMemory: 934281216 bytes
2022-09-25 17:40:32,117 DEBUG [main] PlatformDependent:181 - -Dio.netty.uninitializedArrayAllocationThreshold: -1
2022-09-25 17:40:32,117 DEBUG [main] CleanerJava6:92 - java.nio.ByteBuffer.cleaner(): available
2022-09-25 17:40:32,117 DEBUG [main] PlatformDependent:201 - -Dio.netty.noPreferDirect: false
2022-09-25 17:40:32,117 DEBUG [main] ResourceLeakDetectorFactory:195 - Loaded default ResourceLeakDetector: io.netty.util.ResourceLeakDetector@5db6b9cd
2022-09-25 17:40:32,133 DEBUG [main] PlatformDependent:891 - org.jctools-core.MpscChunkedArrayQueue: available
2022-09-25 17:40:32,211 DEBUG [main] JdkSslContext:96 - Default protocols (JDK): [TLSv1.2, TLSv1.1, TLSv1] 
2022-09-25 17:40:32,211 DEBUG [main] JdkSslContext:97 - Default cipher suites (JDK): [TLS_ECDHE_ECDSA_WITH_AES_256_GCM_SHA384, TLS_ECDHE_ECDSA_WITH_AES_128_GCM_SHA256, TLS_ECDHE_RSA_WITH_AES_128_GCM_SHA256, TLS_ECDHE_RSA_WITH_AES_256_GCM_SHA384, TLS_ECDHE_RSA_WITH_AES_128_CBC_SHA, TLS_ECDHE_RSA_WITH_AES_256_CBC_SHA, TLS_RSA_WITH_AES_128_GCM_SHA256, TLS_RSA_WITH_AES_128_CBC_SHA, TLS_RSA_WITH_AES_256_CBC_SHA]
2022-09-25 17:40:32,258 DEBUG [main] InternalThreadLocalMap:54 - -Dio.netty.threadLocalMap.stringBuilder.initialSize: 1024
2022-09-25 17:40:32,258 DEBUG [main] InternalThreadLocalMap:57 - -Dio.netty.threadLocalMap.stringBuilder.maxSize: 4096
2022-09-25 17:40:32,274 DEBUG [main] MultithreadEventLoopGroup:44 - -Dio.netty.eventLoopThreads: 8
2022-09-25 17:40:32,289 DEBUG [main] NioEventLoop:106 - -Dio.netty.noKeySetOptimization: false
2022-09-25 17:40:32,289 DEBUG [main] NioEventLoop:107 - -Dio.netty.selectorAutoRebuildThreshold: 512
2022-09-25 17:40:32,383 DEBUG [main] PooledByteBufAllocator:142 - -Dio.netty.allocator.numHeapArenas: 8
2022-09-25 17:40:32,383 DEBUG [main] PooledByteBufAllocator:143 - -Dio.netty.allocator.numDirectArenas: 8
2022-09-25 17:40:32,383 DEBUG [main] PooledByteBufAllocator:145 - -Dio.netty.allocator.pageSize: 8192
2022-09-25 17:40:32,383 DEBUG [main] PooledByteBufAllocator:150 - -Dio.netty.allocator.maxOrder: 11
2022-09-25 17:40:32,383 DEBUG [main] PooledByteBufAllocator:154 - -Dio.netty.allocator.chunkSize: 16777216
2022-09-25 17:40:32,383 DEBUG [main] PooledByteBufAllocator:155 - -Dio.netty.allocator.tinyCacheSize: 512
2022-09-25 17:40:32,383 DEBUG [main] PooledByteBufAllocator:156 - -Dio.netty.allocator.smallCacheSize: 256
2022-09-25 17:40:32,383 DEBUG [main] PooledByteBufAllocator:157 - -Dio.netty.allocator.normalCacheSize: 64
2022-09-25 17:40:32,383 DEBUG [main] PooledByteBufAllocator:158 - -Dio.netty.allocator.maxCachedBufferCapacity: 32768
2022-09-25 17:40:32,383 DEBUG [main] PooledByteBufAllocator:159 - -Dio.netty.allocator.cacheTrimInterval: 8192
2022-09-25 17:40:32,383 DEBUG [main] PooledByteBufAllocator:160 - -Dio.netty.allocator.cacheTrimIntervalMillis: 0
2022-09-25 17:40:32,383 DEBUG [main] PooledByteBufAllocator:161 - -Dio.netty.allocator.useCacheForAllThreads: true
2022-09-25 17:40:32,399 DEBUG [main] PooledByteBufAllocator:162 - -Dio.netty.allocator.maxCachedByteBuffersPerChunk: 1023
2022-09-25 17:40:32,399 DEBUG [main] ByteBufUtil:85 - -Dio.netty.allocator.type: pooled
2022-09-25 17:40:32,399 DEBUG [main] ByteBufUtil:94 - -Dio.netty.threadLocalDirectBufferSize: 0
2022-09-25 17:40:32,399 DEBUG [main] ByteBufUtil:97 - -Dio.netty.maxThreadLocalCharBufferSize: 16384
2022-09-25 17:40:34,066 DEBUG [Forwarding newSession on session null to remote] DefaultChannelId:79 - -Dio.netty.processId: 13716 (auto-detected)
2022-09-25 17:40:34,066 DEBUG [Forwarding newSession on session null to remote] NetUtil:139 - -Djava.net.preferIPv4Stack: false
2022-09-25 17:40:34,081 DEBUG [Forwarding newSession on session null to remote] NetUtil:140 - -Djava.net.preferIPv6Addresses: false
2022-09-25 17:40:34,300 DEBUG [Forwarding newSession on session null to remote] NetUtil:224 - Loopback interface: lo (Software Loopback Interface 1, 127.0.0.1)
2022-09-25 17:40:34,316 DEBUG [Forwarding newSession on session null to remote] NetUtil:289 - Failed to get SOMAXCONN from sysctl and file \proc\sys\net\core\somaxconn. Default: 200
2022-09-25 17:40:34,552 DEBUG [Forwarding newSession on session null to remote] DefaultChannelId:101 - -Dio.netty.machineId: 64:5a:04:ff:fe:43:8a:ad (auto-detected)
2022-09-25 17:40:34,646 DEBUG [AsyncHttpClient-3-1] AbstractByteBuf:62 - -Dio.netty.buffer.checkAccessible: true
2022-09-25 17:40:34,646 DEBUG [AsyncHttpClient-3-1] AbstractByteBuf:63 - -Dio.netty.buffer.checkBounds: true
2022-09-25 17:40:34,646 DEBUG [AsyncHttpClient-3-1] ResourceLeakDetectorFactory:195 - Loaded default ResourceLeakDetector: io.netty.util.ResourceLeakDetector@70c7a9c8
2022-09-25 17:40:34,693 DEBUG [AsyncHttpClient-3-1] Recycler:96 - -Dio.netty.recycler.maxCapacityPerThread: 4096
2022-09-25 17:40:34,693 DEBUG [AsyncHttpClient-3-1] Recycler:97 - -Dio.netty.recycler.maxSharedCapacityFactor: 2
2022-09-25 17:40:34,693 DEBUG [AsyncHttpClient-3-1] Recycler:98 - -Dio.netty.recycler.linkCapacity: 16
2022-09-25 17:40:34,693 DEBUG [AsyncHttpClient-3-1] Recycler:99 - -Dio.netty.recycler.ratio: 8
2022-09-25 17:40:47,536 DEBUG [main] ThreadLocalRandom:212 - -Dio.netty.initialSeedUniquifier: 0x7c29ca71b4d7c940
2022-09-25 17:41:43,702 DEBUG [Finalizer] PoolingHttpClientConnectionManager:408 - Connection manager is shutting down
2022-09-25 17:41:43,702 DEBUG [Finalizer] PoolingHttpClientConnectionManager:414 - Connection manager shut down
2022-09-25 17:41:43,702 DEBUG [Finalizer] PoolingHttpClientConnectionManager:408 - Connection manager is shutting down
2022-09-25 17:41:43,702 DEBUG [Finalizer] PoolingHttpClientConnectionManager:414 - Connection manager shut down
2022-09-25 17:41:47,463 DEBUG [main] cache:45 - Couldn't find template in cache for "Extent.ftl"("en_US", UTF-8, parsed); will try to load it.
2022-09-25 17:41:47,463 DEBUG [main] cache:45 - TemplateLoader.findTemplateSource("Extent_en_US.ftl"): Not found
2022-09-25 17:41:47,463 DEBUG [main] cache:45 - TemplateLoader.findTemplateSource("Extent_en.ftl"): Not found
2022-09-25 17:41:47,463 DEBUG [main] cache:45 - TemplateLoader.findTemplateSource("Extent.ftl"): Found
2022-09-25 17:41:47,463 DEBUG [main] cache:45 - Loading template for "Extent.ftl"("en_US", UTF-8, parsed) from "jar:file:/C:/Users/Tirumal/.m2/repository/com/relevantcodes/extentreports/2.41.2/extentreports-2.41.2.jar!/com/relevantcodes/extentreports/view/Extent.ftl"
2022-09-25 18:12:53,734 DEBUG [main] InternalLoggerFactory:47 - Using Log4J as the default logging framework
2022-09-25 18:12:53,781 DEBUG [main] ResourceLeakDetector:129 - -Dio.netty.leakDetection.level: simple
2022-09-25 18:12:53,781 DEBUG [main] ResourceLeakDetector:130 - -Dio.netty.leakDetection.targetRecords: 4
2022-09-25 18:12:53,818 DEBUG [main] PlatformDependent:987 - Platform: Windows
2022-09-25 18:12:53,818 DEBUG [main] PlatformDependent0:396 - -Dio.netty.noUnsafe: false
2022-09-25 18:12:53,818 DEBUG [main] PlatformDependent0:852 - Java version: 8
2022-09-25 18:12:53,818 DEBUG [main] PlatformDependent0:121 - sun.misc.Unsafe.theUnsafe: available
2022-09-25 18:12:53,818 DEBUG [main] PlatformDependent0:145 - sun.misc.Unsafe.copyMemory: available
2022-09-25 18:12:53,818 DEBUG [main] PlatformDependent0:183 - java.nio.Buffer.address: available
2022-09-25 18:12:53,818 DEBUG [main] PlatformDependent0:244 - direct buffer constructor: available
2022-09-25 18:12:53,818 DEBUG [main] PlatformDependent0:314 - java.nio.Bits.unaligned: available, true
2022-09-25 18:12:53,818 DEBUG [main] PlatformDependent0:379 - jdk.internal.misc.Unsafe.allocateUninitializedArray(int): unavailable prior to Java9
2022-09-25 18:12:53,818 DEBUG [main] PlatformDependent0:386 - java.nio.DirectByteBuffer.<init>(long, int): available
2022-09-25 18:12:53,818 DEBUG [main] PlatformDependent:1030 - sun.misc.Unsafe: available
2022-09-25 18:12:53,818 DEBUG [main] PlatformDependent:1149 - -Dio.netty.tmpdir: C:\Users\Tirumal\AppData\Local\Temp (java.io.tmpdir)
2022-09-25 18:12:53,818 DEBUG [main] PlatformDependent:1228 - -Dio.netty.bitMode: 64 (sun.arch.data.model)
2022-09-25 18:12:53,834 DEBUG [main] PlatformDependent:174 - -Dio.netty.maxDirectMemory: 934281216 bytes
2022-09-25 18:12:53,834 DEBUG [main] PlatformDependent:181 - -Dio.netty.uninitializedArrayAllocationThreshold: -1
2022-09-25 18:12:53,834 DEBUG [main] CleanerJava6:92 - java.nio.ByteBuffer.cleaner(): available
2022-09-25 18:12:53,834 DEBUG [main] PlatformDependent:201 - -Dio.netty.noPreferDirect: false
2022-09-25 18:12:53,834 DEBUG [main] ResourceLeakDetectorFactory:195 - Loaded default ResourceLeakDetector: io.netty.util.ResourceLeakDetector@5db6b9cd
2022-09-25 18:12:53,850 DEBUG [main] PlatformDependent:891 - org.jctools-core.MpscChunkedArrayQueue: available
2022-09-25 18:12:53,981 DEBUG [main] JdkSslContext:96 - Default protocols (JDK): [TLSv1.2, TLSv1.1, TLSv1] 
2022-09-25 18:12:53,981 DEBUG [main] JdkSslContext:97 - Default cipher suites (JDK): [TLS_ECDHE_ECDSA_WITH_AES_256_GCM_SHA384, TLS_ECDHE_ECDSA_WITH_AES_128_GCM_SHA256, TLS_ECDHE_RSA_WITH_AES_128_GCM_SHA256, TLS_ECDHE_RSA_WITH_AES_256_GCM_SHA384, TLS_ECDHE_RSA_WITH_AES_128_CBC_SHA, TLS_ECDHE_RSA_WITH_AES_256_CBC_SHA, TLS_RSA_WITH_AES_128_GCM_SHA256, TLS_RSA_WITH_AES_128_CBC_SHA, TLS_RSA_WITH_AES_256_CBC_SHA]
2022-09-25 18:12:54,035 DEBUG [main] InternalThreadLocalMap:54 - -Dio.netty.threadLocalMap.stringBuilder.initialSize: 1024
2022-09-25 18:12:54,035 DEBUG [main] InternalThreadLocalMap:57 - -Dio.netty.threadLocalMap.stringBuilder.maxSize: 4096
2022-09-25 18:12:54,035 DEBUG [main] MultithreadEventLoopGroup:44 - -Dio.netty.eventLoopThreads: 8
2022-09-25 18:12:54,119 DEBUG [main] NioEventLoop:106 - -Dio.netty.noKeySetOptimization: false
2022-09-25 18:12:54,119 DEBUG [main] NioEventLoop:107 - -Dio.netty.selectorAutoRebuildThreshold: 512
2022-09-25 18:12:54,483 DEBUG [main] PooledByteBufAllocator:142 - -Dio.netty.allocator.numHeapArenas: 8
2022-09-25 18:12:54,483 DEBUG [main] PooledByteBufAllocator:143 - -Dio.netty.allocator.numDirectArenas: 8
2022-09-25 18:12:54,483 DEBUG [main] PooledByteBufAllocator:145 - -Dio.netty.allocator.pageSize: 8192
2022-09-25 18:12:54,483 DEBUG [main] PooledByteBufAllocator:150 - -Dio.netty.allocator.maxOrder: 11
2022-09-25 18:12:54,483 DEBUG [main] PooledByteBufAllocator:154 - -Dio.netty.allocator.chunkSize: 16777216
2022-09-25 18:12:54,483 DEBUG [main] PooledByteBufAllocator:155 - -Dio.netty.allocator.tinyCacheSize: 512
2022-09-25 18:12:54,483 DEBUG [main] PooledByteBufAllocator:156 - -Dio.netty.allocator.smallCacheSize: 256
2022-09-25 18:12:54,483 DEBUG [main] PooledByteBufAllocator:157 - -Dio.netty.allocator.normalCacheSize: 64
2022-09-25 18:12:54,483 DEBUG [main] PooledByteBufAllocator:158 - -Dio.netty.allocator.maxCachedBufferCapacity: 32768
2022-09-25 18:12:54,483 DEBUG [main] PooledByteBufAllocator:159 - -Dio.netty.allocator.cacheTrimInterval: 8192
2022-09-25 18:12:54,483 DEBUG [main] PooledByteBufAllocator:160 - -Dio.netty.allocator.cacheTrimIntervalMillis: 0
2022-09-25 18:12:54,483 DEBUG [main] PooledByteBufAllocator:161 - -Dio.netty.allocator.useCacheForAllThreads: true
2022-09-25 18:12:54,483 DEBUG [main] PooledByteBufAllocator:162 - -Dio.netty.allocator.maxCachedByteBuffersPerChunk: 1023
2022-09-25 18:12:54,568 DEBUG [main] ByteBufUtil:85 - -Dio.netty.allocator.type: pooled
2022-09-25 18:12:54,568 DEBUG [main] ByteBufUtil:94 - -Dio.netty.threadLocalDirectBufferSize: 0
2022-09-25 18:12:54,568 DEBUG [main] ByteBufUtil:97 - -Dio.netty.maxThreadLocalCharBufferSize: 16384
2022-09-25 18:13:04,647 DEBUG [Forwarding newSession on session null to remote] DefaultChannelId:79 - -Dio.netty.processId: 10480 (auto-detected)
2022-09-25 18:13:04,678 DEBUG [Forwarding newSession on session null to remote] NetUtil:139 - -Djava.net.preferIPv4Stack: false
2022-09-25 18:13:04,678 DEBUG [Forwarding newSession on session null to remote] NetUtil:140 - -Djava.net.preferIPv6Addresses: false
2022-09-25 18:13:04,925 DEBUG [Forwarding newSession on session null to remote] NetUtil:224 - Loopback interface: lo (Software Loopback Interface 1, 127.0.0.1)
2022-09-25 18:13:04,925 DEBUG [Forwarding newSession on session null to remote] NetUtil:289 - Failed to get SOMAXCONN from sysctl and file \proc\sys\net\core\somaxconn. Default: 200
2022-09-25 18:13:05,175 DEBUG [Forwarding newSession on session null to remote] DefaultChannelId:101 - -Dio.netty.machineId: 64:5a:04:ff:fe:43:8a:ad (auto-detected)
2022-09-25 18:13:06,204 DEBUG [AsyncHttpClient-3-1] AbstractByteBuf:62 - -Dio.netty.buffer.checkAccessible: true
2022-09-25 18:13:06,204 DEBUG [AsyncHttpClient-3-1] AbstractByteBuf:63 - -Dio.netty.buffer.checkBounds: true
2022-09-25 18:13:06,204 DEBUG [AsyncHttpClient-3-1] ResourceLeakDetectorFactory:195 - Loaded default ResourceLeakDetector: io.netty.util.ResourceLeakDetector@c36b450
2022-09-25 18:13:06,304 DEBUG [AsyncHttpClient-3-1] Recycler:96 - -Dio.netty.recycler.maxCapacityPerThread: 4096
2022-09-25 18:13:06,304 DEBUG [AsyncHttpClient-3-1] Recycler:97 - -Dio.netty.recycler.maxSharedCapacityFactor: 2
2022-09-25 18:13:06,304 DEBUG [AsyncHttpClient-3-1] Recycler:98 - -Dio.netty.recycler.linkCapacity: 16
2022-09-25 18:13:06,304 DEBUG [AsyncHttpClient-3-1] Recycler:99 - -Dio.netty.recycler.ratio: 8
2022-09-25 18:13:23,644 DEBUG [main] ThreadLocalRandom:212 - -Dio.netty.initialSeedUniquifier: 0x9e7541b27c644479
2022-09-25 18:14:34,177 DEBUG [Finalizer] PoolingHttpClientConnectionManager:408 - Connection manager is shutting down
2022-09-25 18:14:34,177 DEBUG [Finalizer] PoolingHttpClientConnectionManager:414 - Connection manager shut down
2022-09-25 18:14:39,660 DEBUG [main] cache:45 - Couldn't find template in cache for "Extent.ftl"("en_US", UTF-8, parsed); will try to load it.
2022-09-25 18:14:39,675 DEBUG [main] cache:45 - TemplateLoader.findTemplateSource("Extent_en_US.ftl"): Not found
2022-09-25 18:14:39,675 DEBUG [main] cache:45 - TemplateLoader.findTemplateSource("Extent_en.ftl"): Not found
2022-09-25 18:14:39,675 DEBUG [main] cache:45 - TemplateLoader.findTemplateSource("Extent.ftl"): Found
2022-09-25 18:14:39,675 DEBUG [main] cache:45 - Loading template for "Extent.ftl"("en_US", UTF-8, parsed) from "jar:file:/C:/Users/Tirumal/.m2/repository/com/relevantcodes/extentreports/2.41.2/extentreports-2.41.2.jar!/com/relevantcodes/extentreports/view/Extent.ftl"
